{"name":"loginTest","id":"Test.LoginTest:loginTest","testCaseName":"Test.LoginTest","testSteps":[{"number":1,"description":"Go home","duration":5341,"startTime":"2022-05-04T11:02:43.561-05:00[America/Bogota]","screenshots":[{"screenshot":"288d493b48b770ba545f043b68a6fc02c09a1e53ea73708aec42a46b56e88e5c.png","htmlSource":"pagesource4976001133393599400.html.txt","timeStamp":1651680168894}],"exception":{"errorType":"net.thucydides.core.webdriver.exceptions.ElementShouldBeEnabledException","message":"Expected enabled element was not enabled","stackTrace":[{"declaringClass":"Pages.LoginPage","methodName":"goToHome","fileName":"LoginPage.java","lineNumber":14},{"declaringClass":"StepDefinitions.LoginPageStep","methodName":"goHome","fileName":"LoginPageStep.java","lineNumber":13},{"declaringClass":"Test.LoginTest","methodName":"loginTest","fileName":"LoginTest.java","lineNumber":21}],"rootCause":{"errorType":"org.openqa.selenium.TimeoutException","message":"Expected condition failed: waiting for By.cssSelector: .btn-primary to be enabled (tried for 5 second(s) with 100 milliseconds interval)","stackTrace":[{"declaringClass":"Pages.LoginPage","methodName":"goToHome","fileName":"LoginPage.java","lineNumber":14},{"declaringClass":"StepDefinitions.LoginPageStep","methodName":"goHome","fileName":"LoginPageStep.java","lineNumber":13},{"declaringClass":"Test.LoginTest","methodName":"loginTest","fileName":"LoginTest.java","lineNumber":21}],"rootCause":{"errorType":"org.openqa.selenium.NoSuchElementException","message":"no such element: Unable to locate element: {\"method\":\"css selector\",\"selector\":\".btn-primary\"}\n  (Session info: chrome\u003d100.0.4896.127)\nFor documentation on this error, please visit: https://www.seleniumhq.org/exceptions/no_such_element.html\nBuild info: version: \u00273.141.59\u0027, revision: \u0027e82be7d358\u0027, time: \u00272018-11-14T08:17:03\u0027\nSystem info: host: \u0027CHMEPPF2HCEVS\u0027, ip: \u0027192.168.0.6\u0027, os.name: \u0027Windows 10\u0027, os.arch: \u0027amd64\u0027, os.version: \u002710.0\u0027, java.version: \u00271.8.0_131\u0027\nDriver info: org.openqa.selenium.chrome.ChromeDriver\nCapabilities {acceptInsecureCerts: false, browserName: chrome, browserVersion: 100.0.4896.127, chrome: {chromedriverVersion: 100.0.4896.60 (6a5d10861ce8..., userDataDir: C:\\Users\\APADIL~1\\AppData\\L...}, goog:chromeOptions: {debuggerAddress: localhost:58567}, javascriptEnabled: true, networkConnectionEnabled: false, pageLoadStrategy: normal, platform: WINDOWS, platformName: WINDOWS, proxy: Proxy(), setWindowRect: true, strictFileInteractability: false, timeouts: {implicit: 0, pageLoad: 300000, script: 30000}, unhandledPromptBehavior: dismiss and notify, webauthn:extension:credBlob: true, webauthn:extension:largeBlob: true, webauthn:virtualAuthenticators: true}\nSession ID: 5a0728771ef0f6eb99e84241cbfbf73b\n*** Element info: {Using\u003dcss selector, value\u003d.btn-primary}","stackTrace":[{"declaringClass":"Pages.LoginPage","methodName":"goToHome","fileName":"LoginPage.java","lineNumber":14},{"declaringClass":"StepDefinitions.LoginPageStep","methodName":"goHome","fileName":"LoginPageStep.java","lineNumber":13},{"declaringClass":"Test.LoginTest","methodName":"loginTest","fileName":"LoginTest.java","lineNumber":21}]}}},"result":"FAILURE","precondition":false,"level":0},{"number":2,"description":"Invalid access","duration":0,"startTime":"2022-05-04T11:02:48.912-05:00[America/Bogota]","result":"SKIPPED","precondition":false,"level":0}],"userStory":{"id":"Test.LoginTest","storyName":"Login test","storyClassName":"Test.LoginTest","path":"Test","type":"story"},"featureTag":{"name":"Test/Login test","type":"story","displayName":"Test/Login test"},"title":"Login test","tags":[{"name":"Test/Login test","type":"story","displayName":"Test/Login test"}],"startTime":"2022-05-04T11:02:43.561-05:00[America/Bogota]","duration":5351,"testFailureCause":{"errorType":"net.thucydides.core.webdriver.exceptions.ElementShouldBeEnabledException","message":"Expected enabled element was not enabled\nBuild info: version: \u00273.141.59\u0027, revision: \u0027e82be7d358\u0027, time: \u00272018-11-14T08:17:03\u0027\nSystem info: host: \u0027CHMEPPF2HCEVS\u0027, ip: \u0027192.168.0.6\u0027, os.name: \u0027Windows 10\u0027, os.arch: \u0027amd64\u0027, os.version: \u002710.0\u0027, java.version: \u00271.8.0_131\u0027\nDriver info: driver.version: unknown","stackTrace":[{"declaringClass":"Pages.LoginPage","methodName":"goToHome","fileName":"LoginPage.java","lineNumber":14},{"declaringClass":"StepDefinitions.LoginPageStep","methodName":"goHome","fileName":"LoginPageStep.java","lineNumber":13},{"declaringClass":"Test.LoginTest","methodName":"loginTest","fileName":"LoginTest.java","lineNumber":21}]},"testFailureClassname":"net.thucydides.core.webdriver.exceptions.ElementShouldBeEnabledException","testFailureMessage":"Expected enabled element was not enabled\nBuild info: version: \u00273.141.59\u0027, revision: \u0027e82be7d358\u0027, time: \u00272018-11-14T08:17:03\u0027\nSystem info: host: \u0027CHMEPPF2HCEVS\u0027, ip: \u0027192.168.0.6\u0027, os.name: \u0027Windows 10\u0027, os.arch: \u0027amd64\u0027, os.version: \u002710.0\u0027, java.version: \u00271.8.0_131\u0027\nDriver info: driver.version: unknown","testFailureSummary":"FAILURE;net.thucydides.core.webdriver.exceptions.ElementShouldBeEnabledException;Expected enabled element was not enabled\nBuild info: version: \u00273.141.59\u0027, revision: \u0027e82be7d358\u0027, time: \u00272018-11-14T08:17:03\u0027\nSystem info: host: \u0027CHMEPPF2HCEVS\u0027, ip: \u0027192.168.0.6\u0027, os.name: \u0027Windows 10\u0027, os.arch: \u0027amd64\u0027, os.version: \u002710.0\u0027, java.version: \u00271.8.0_131\u0027\nDriver info: driver.version: unknown;LoginPage.java","projectKey":"","annotatedResult":"FAILURE","sessionId":"5a0728771ef0f6eb99e84241cbfbf73b","driver":"chrome","isManualTestingUpToDate":false,"manual":false,"testSource":"JUnit","order":0,"result":"FAILURE"}